<?xml version="1.0" encoding="UTF-8"?>
<testng-results ignored="0" total="1" passed="1" failed="0" skipped="0">
  <reporter-output>
    <line>
      <![CDATA[reading value ofurlfrom property file]]>
    </line>
    <line>
      <![CDATA[Lauching browser]]>
    </line>
    <line>
      <![CDATA[waiting for1000mills]]>
    </line>
    <line>
      <![CDATA[waiting for1000mills]]>
    </line>
    <line>
      <![CDATA[click on register button]]>
    </line>
    <line>
      <![CDATA[reading value ofuserFirstNamefrom property file]]>
    </line>
    <line>
      <![CDATA[waiting for1000mills]]>
    </line>
    <line>
      <![CDATA[sending first name]]>
    </line>
    <line>
      <![CDATA[reading value ofuserLastNamefrom property file]]>
    </line>
    <line>
      <![CDATA[waiting for1000mills]]>
    </line>
    <line>
      <![CDATA[sending last name]]>
    </line>
    <line>
      <![CDATA[reading value ofemailIdfrom property file]]>
    </line>
    <line>
      <![CDATA[waiting for1000mills]]>
    </line>
    <line>
      <![CDATA[sending email]]>
    </line>
    <line>
      <![CDATA[reading value ofpasswordfrom property file]]>
    </line>
    <line>
      <![CDATA[waiting for1000mills]]>
    </line>
    <line>
      <![CDATA[send password]]>
    </line>
    <line>
      <![CDATA[reading value ofconfirmPasswordfrom property file]]>
    </line>
    <line>
      <![CDATA[waiting for1000mills]]>
    </line>
    <line>
      <![CDATA[send confirm password]]>
    </line>
    <line>
      <![CDATA[waiting for1000mills]]>
    </line>
    <line>
      <![CDATA[click on register button]]>
    </line>
    <line>
      <![CDATA[waiting for1000mills]]>
    </line>
    <line>
      <![CDATA[click on continue button]]>
    </line>
    <line>
      <![CDATA[waiting for1000mills]]>
    </line>
    <line>
      <![CDATA[click on accesories]]>
    </line>
    <line>
      <![CDATA[waiting for1000mills]]>
    </line>
    <line>
      <![CDATA[click add to cart button]]>
    </line>
    <line>
      <![CDATA[waiting for1000mills]]>
    </line>
    <line>
      <![CDATA[click on shoping cart tab]]>
    </line>
    <line>
      <![CDATA[scrolling into view]]>
    </line>
    <line>
      <![CDATA[waiting for1000mills]]>
    </line>
    <line>
      <![CDATA[click on I agree checkBox]]>
    </line>
    <line>
      <![CDATA[waiting for1000mills]]>
    </line>
    <line>
      <![CDATA[click on check out button]]>
    </line>
    <line>
      <![CDATA[reading value ofcountryfrom property file]]>
    </line>
    <line>
      <![CDATA[waiting for1000mills]]>
    </line>
    <line>
      <![CDATA[reading value ofcityfrom property file]]>
    </line>
    <line>
      <![CDATA[reading value ofaddressfrom property file]]>
    </line>
    <line>
      <![CDATA[reading value ofpinCodefrom property file]]>
    </line>
    <line>
      <![CDATA[reading value ofmobileNumfrom property file]]>
    </line>
    <line>
      <![CDATA[getting text]]>
    </line>
    <line>
      <![CDATA[reading value ofresultfrom property file]]>
    </line>
    <line>
      <![CDATA[getting text]]>
    </line>
    <line>
      <![CDATA[taking screenshot]]>
    </line>
    <line>
      <![CDATA[closing browser]]>
    </line>
  </reporter-output>
  <suite started-at="2022-12-04T20:11:46 IST" name="Default suite" finished-at="2022-12-04T20:12:09 IST" duration-ms="22537">
    <groups>
    </groups>
    <test started-at="2022-12-04T20:11:46 IST" name="Default test" finished-at="2022-12-04T20:12:09 IST" duration-ms="22537">
      <class name="nopCommerceTest.ValidateSuccessFullOrder">
        <test-method is-config="true" signature="beforeClass()[pri:0, instance:nopCommerceTest.ValidateSuccessFullOrder@2c35e847]" started-at="2022-12-04T20:11:46 IST" name="beforeClass" finished-at="2022-12-04T20:11:53 IST" duration-ms="6585" status="PASS">
          <reporter-output>
            <line>
              <![CDATA[reading value ofurlfrom property file]]>
            </line>
            <line>
              <![CDATA[Lauching browser]]>
            </line>
            <line>
              <![CDATA[waiting for1000mills]]>
            </line>
          </reporter-output>
        </test-method> <!-- beforeClass -->
        <test-method is-config="true" signature="beforeMethod()[pri:0, instance:nopCommerceTest.ValidateSuccessFullOrder@2c35e847]" started-at="2022-12-04T20:11:53 IST" name="beforeMethod" finished-at="2022-12-04T20:12:06 IST" duration-ms="12646" status="PASS">
          <reporter-output>
            <line>
              <![CDATA[waiting for1000mills]]>
            </line>
            <line>
              <![CDATA[click on register button]]>
            </line>
            <line>
              <![CDATA[reading value ofuserFirstNamefrom property file]]>
            </line>
            <line>
              <![CDATA[waiting for1000mills]]>
            </line>
            <line>
              <![CDATA[sending first name]]>
            </line>
            <line>
              <![CDATA[reading value ofuserLastNamefrom property file]]>
            </line>
            <line>
              <![CDATA[waiting for1000mills]]>
            </line>
            <line>
              <![CDATA[sending last name]]>
            </line>
            <line>
              <![CDATA[reading value ofemailIdfrom property file]]>
            </line>
            <line>
              <![CDATA[waiting for1000mills]]>
            </line>
            <line>
              <![CDATA[sending email]]>
            </line>
            <line>
              <![CDATA[reading value ofpasswordfrom property file]]>
            </line>
            <line>
              <![CDATA[waiting for1000mills]]>
            </line>
            <line>
              <![CDATA[send password]]>
            </line>
            <line>
              <![CDATA[reading value ofconfirmPasswordfrom property file]]>
            </line>
            <line>
              <![CDATA[waiting for1000mills]]>
            </line>
            <line>
              <![CDATA[send confirm password]]>
            </line>
            <line>
              <![CDATA[waiting for1000mills]]>
            </line>
            <line>
              <![CDATA[click on register button]]>
            </line>
            <line>
              <![CDATA[waiting for1000mills]]>
            </line>
            <line>
              <![CDATA[click on continue button]]>
            </line>
            <line>
              <![CDATA[waiting for1000mills]]>
            </line>
            <line>
              <![CDATA[click on accesories]]>
            </line>
            <line>
              <![CDATA[waiting for1000mills]]>
            </line>
            <line>
              <![CDATA[click add to cart button]]>
            </line>
            <line>
              <![CDATA[waiting for1000mills]]>
            </line>
            <line>
              <![CDATA[click on shoping cart tab]]>
            </line>
            <line>
              <![CDATA[scrolling into view]]>
            </line>
            <line>
              <![CDATA[waiting for1000mills]]>
            </line>
            <line>
              <![CDATA[click on I agree checkBox]]>
            </line>
            <line>
              <![CDATA[waiting for1000mills]]>
            </line>
            <line>
              <![CDATA[click on check out button]]>
            </line>
            <line>
              <![CDATA[reading value ofcountryfrom property file]]>
            </line>
            <line>
              <![CDATA[waiting for1000mills]]>
            </line>
            <line>
              <![CDATA[reading value ofcityfrom property file]]>
            </line>
            <line>
              <![CDATA[reading value ofaddressfrom property file]]>
            </line>
            <line>
              <![CDATA[reading value ofpinCodefrom property file]]>
            </line>
            <line>
              <![CDATA[reading value ofmobileNumfrom property file]]>
            </line>
          </reporter-output>
        </test-method> <!-- beforeMethod -->
        <test-method signature="f()[pri:0, instance:nopCommerceTest.ValidateSuccessFullOrder@2c35e847]" started-at="2022-12-04T20:12:06 IST" name="f" finished-at="2022-12-04T20:12:08 IST" duration-ms="1916" status="PASS">
          <reporter-output>
            <line>
              <![CDATA[getting text]]>
            </line>
            <line>
              <![CDATA[reading value ofresultfrom property file]]>
            </line>
            <line>
              <![CDATA[getting text]]>
            </line>
            <line>
              <![CDATA[taking screenshot]]>
            </line>
          </reporter-output>
        </test-method> <!-- f -->
        <test-method is-config="true" signature="afterMethod()[pri:0, instance:nopCommerceTest.ValidateSuccessFullOrder@2c35e847]" started-at="2022-12-04T20:12:08 IST" name="afterMethod" finished-at="2022-12-04T20:12:08 IST" duration-ms="666" status="PASS">
          <reporter-output>
          </reporter-output>
        </test-method> <!-- afterMethod -->
        <test-method is-config="true" signature="afterClass()[pri:0, instance:nopCommerceTest.ValidateSuccessFullOrder@2c35e847]" started-at="2022-12-04T20:12:08 IST" name="afterClass" finished-at="2022-12-04T20:12:09 IST" duration-ms="651" status="PASS">
          <reporter-output>
            <line>
              <![CDATA[closing browser]]>
            </line>
          </reporter-output>
        </test-method> <!-- afterClass -->
      </class> <!-- nopCommerceTest.ValidateSuccessFullOrder -->
    </test> <!-- Default test -->
  </suite> <!-- Default suite -->
</testng-results>
